<?xml version="1.0" encoding="UTF-8"?>
<!-- Generated by org.testng.reporters.JUnitXMLReporter -->
<testsuite ignored="0" hostname="REM-TNUZUM" failures="3" tests="5" name="CheckIn" time="123.129" errors="0" timestamp="2020-08-07T17:34:19 EDT">
  <testcase classname="frontDeskTests.CheckIn" name="validatePageObjects" time="1.634"/>
  <testcase classname="frontDeskTests.CheckIn" name="memberCheckIn" time="9.641"/>
  <testcase classname="frontDeskTests.CheckIn" name="familyCheckIn" time="4.818">
    <failure type="org.openqa.selenium.NoSuchElementException" message="An element could not be located on the page using the given search parameters. (WARNING: The server did not provide any stacktrace information)
Command duration or timeout: 0 milliseconds
For documentation on this error, please visit: https://www.seleniumhq.org/exceptions/no_such_element.html
Build info: version: &amp;apos;3.141.59&amp;apos;, revision: &amp;apos;e82be7d358&amp;apos;, time: &amp;apos;2018-11-14T08:17:03&amp;apos;
System info: host: &amp;apos;REM-TNUZUM&amp;apos;, ip: &amp;apos;10.143.6.224&amp;apos;, os.name: &amp;apos;Windows 10&amp;apos;, os.arch: &amp;apos;amd64&amp;apos;, os.version: &amp;apos;10.0&amp;apos;, java.version: &amp;apos;11.0.6&amp;apos;
Driver info: io.appium.java_client.windows.WindowsDriver
Capabilities {appTopLevelWindow: 0x9a09e2, javascriptEnabled: true, platform: WINDOWS, platformName: Windows}
Session ID: 4D997BE7-3512-412E-8EB4-D5900BDB33ED
*** Element info: {Using=accessibility id, value=pbFamilyCheckIn}">
      <![CDATA[org.openqa.selenium.NoSuchElementException: An element could not be located on the page using the given search parameters. (WARNING: The server did not provide any stacktrace information)
Command duration or timeout: 0 milliseconds
For documentation on this error, please visit: https://www.seleniumhq.org/exceptions/no_such_element.html
Build info: version: '3.141.59', revision: 'e82be7d358', time: '2018-11-14T08:17:03'
System info: host: 'REM-TNUZUM', ip: '10.143.6.224', os.name: 'Windows 10', os.arch: 'amd64', os.version: '10.0', java.version: '11.0.6'
Driver info: io.appium.java_client.windows.WindowsDriver
Capabilities {appTopLevelWindow: 0x9a09e2, javascriptEnabled: true, platform: WINDOWS, platformName: Windows}
Session ID: 4D997BE7-3512-412E-8EB4-D5900BDB33ED
*** Element info: {Using=accessibility id, value=pbFamilyCheckIn}
at org.openqa.selenium.remote.ErrorHandler.createThrowable(ErrorHandler.java:214)
at org.openqa.selenium.remote.ErrorHandler.throwIfResponseFailed(ErrorHandler.java:166)
at org.openqa.selenium.remote.http.JsonHttpResponseCodec.reconstructValue(JsonHttpResponseCodec.java:40)
at org.openqa.selenium.remote.http.AbstractHttpResponseCodec.decode(AbstractHttpResponseCodec.java:80)
at org.openqa.selenium.remote.http.AbstractHttpResponseCodec.decode(AbstractHttpResponseCodec.java:44)
at org.openqa.selenium.remote.HttpCommandExecutor.execute(HttpCommandExecutor.java:158)
at io.appium.java_client.remote.AppiumCommandExecutor.execute(AppiumCommandExecutor.java:239)
at org.openqa.selenium.remote.RemoteWebDriver.execute(RemoteWebDriver.java:552)
at io.appium.java_client.DefaultGenericMobileDriver.execute(DefaultGenericMobileDriver.java:41)
at io.appium.java_client.AppiumDriver.execute(AppiumDriver.java:1)
at io.appium.java_client.windows.WindowsDriver.execute(WindowsDriver.java:1)
at org.openqa.selenium.remote.RemoteWebDriver.findElement(RemoteWebDriver.java:323)
at io.appium.java_client.DefaultGenericMobileDriver.findElement(DefaultGenericMobileDriver.java:61)
at io.appium.java_client.AppiumDriver.findElement(AppiumDriver.java:1)
at io.appium.java_client.windows.WindowsDriver.findElement(WindowsDriver.java:1)
at io.appium.java_client.FindsByAccessibilityId.findElementByAccessibilityId(FindsByAccessibilityId.java:37)
at resources.MyActions.myWaitByAccessibilityId(MyActions.java:50)
at frontDeskTests.CheckIn.familyCheckIn(CheckIn.java:106)
at java.base/java.util.ArrayList.forEach(ArrayList.java:1540)
... Removed 31 stack frames]]>
    </failure>
  </testcase> <!-- familyCheckIn -->
  <testcase classname="frontDeskTests.CheckIn" name="clearMember" time="32.092">
    <failure type="org.openqa.selenium.TimeoutException" message="Expected condition failed: waiting for presence of any elements located by By.name: Member Quick Search (tried for 30 second(s) with 500 milliseconds interval)
Build info: version: &amp;apos;3.141.59&amp;apos;, revision: &amp;apos;e82be7d358&amp;apos;, time: &amp;apos;2018-11-14T08:17:03&amp;apos;
System info: host: &amp;apos;REM-TNUZUM&amp;apos;, ip: &amp;apos;10.143.6.224&amp;apos;, os.name: &amp;apos;Windows 10&amp;apos;, os.arch: &amp;apos;amd64&amp;apos;, os.version: &amp;apos;10.0&amp;apos;, java.version: &amp;apos;11.0.6&amp;apos;
Driver info: io.appium.java_client.windows.WindowsDriver
Capabilities {appTopLevelWindow: 0x9a09e2, javascriptEnabled: true, platform: WINDOWS, platformName: Windows}
Session ID: 4D997BE7-3512-412E-8EB4-D5900BDB33ED">
      <![CDATA[org.openqa.selenium.TimeoutException: Expected condition failed: waiting for presence of any elements located by By.name: Member Quick Search (tried for 30 second(s) with 500 milliseconds interval)
Build info: version: '3.141.59', revision: 'e82be7d358', time: '2018-11-14T08:17:03'
System info: host: 'REM-TNUZUM', ip: '10.143.6.224', os.name: 'Windows 10', os.arch: 'amd64', os.version: '10.0', java.version: '11.0.6'
Driver info: io.appium.java_client.windows.WindowsDriver
Capabilities {appTopLevelWindow: 0x9a09e2, javascriptEnabled: true, platform: WINDOWS, platformName: Windows}
Session ID: 4D997BE7-3512-412E-8EB4-D5900BDB33ED
at org.openqa.selenium.support.ui.WebDriverWait.timeoutException(WebDriverWait.java:95)
at org.openqa.selenium.support.ui.FluentWait.until(FluentWait.java:272)
at resources.MyActions.myWaitByName(MyActions.java:43)
at frontDeskTests.CheckIn.clearMember(CheckIn.java:123)
at java.base/java.util.ArrayList.forEach(ArrayList.java:1540)
... Removed 27 stack frames]]>
    </failure>
  </testcase> <!-- clearMember -->
  <testcase classname="frontDeskTests.CheckIn" name="memberInfo" time="31.745">
    <failure type="org.openqa.selenium.TimeoutException" message="Expected condition failed: waiting for presence of any elements located by By.name: Member Quick Search (tried for 30 second(s) with 500 milliseconds interval)
Build info: version: &amp;apos;3.141.59&amp;apos;, revision: &amp;apos;e82be7d358&amp;apos;, time: &amp;apos;2018-11-14T08:17:03&amp;apos;
System info: host: &amp;apos;REM-TNUZUM&amp;apos;, ip: &amp;apos;10.143.6.224&amp;apos;, os.name: &amp;apos;Windows 10&amp;apos;, os.arch: &amp;apos;amd64&amp;apos;, os.version: &amp;apos;10.0&amp;apos;, java.version: &amp;apos;11.0.6&amp;apos;
Driver info: io.appium.java_client.windows.WindowsDriver
Capabilities {appTopLevelWindow: 0x9a09e2, javascriptEnabled: true, platform: WINDOWS, platformName: Windows}
Session ID: 4D997BE7-3512-412E-8EB4-D5900BDB33ED">
      <![CDATA[org.openqa.selenium.TimeoutException: Expected condition failed: waiting for presence of any elements located by By.name: Member Quick Search (tried for 30 second(s) with 500 milliseconds interval)
Build info: version: '3.141.59', revision: 'e82be7d358', time: '2018-11-14T08:17:03'
System info: host: 'REM-TNUZUM', ip: '10.143.6.224', os.name: 'Windows 10', os.arch: 'amd64', os.version: '10.0', java.version: '11.0.6'
Driver info: io.appium.java_client.windows.WindowsDriver
Capabilities {appTopLevelWindow: 0x9a09e2, javascriptEnabled: true, platform: WINDOWS, platformName: Windows}
Session ID: 4D997BE7-3512-412E-8EB4-D5900BDB33ED
at org.openqa.selenium.support.ui.WebDriverWait.timeoutException(WebDriverWait.java:95)
at org.openqa.selenium.support.ui.FluentWait.until(FluentWait.java:272)
at resources.MyActions.myWaitByName(MyActions.java:43)
at frontDeskTests.CheckIn.memberInfo(CheckIn.java:141)
at java.base/java.util.ArrayList.forEach(ArrayList.java:1540)
... Removed 27 stack frames]]>
    </failure>
  </testcase> <!-- memberInfo -->
</testsuite> <!-- CheckIn -->
