<html>
<head>
<title>TestNG:  Reports</title>
<link href="../testng.css" rel="stylesheet" type="text/css" />
<link href="../my-testng.css" rel="stylesheet" type="text/css" />

<style type="text/css">
.log { display: none;} 
.stack-trace { display: none;} 
</style>
<script type="text/javascript">
<!--
function flip(e) {
  current = e.style.display;
  if (current == 'block') {
    e.style.display = 'none';
    return 0;
  }
  else {
    e.style.display = 'block';
    return 1;
  }
}

function toggleBox(szDivId, elem, msg1, msg2)
{
  var res = -1;  if (document.getElementById) {
    res = flip(document.getElementById(szDivId));
  }
  else if (document.all) {
    // this is the way old msie versions work
    res = flip(document.all[szDivId]);
  }
  if(elem) {
    if(res == 0) elem.innerHTML = msg1; else elem.innerHTML = msg2;
  }

}

function toggleAllBoxes() {
  if (document.getElementsByTagName) {
    d = document.getElementsByTagName('div');
    for (i = 0; i < d.length; i++) {
      if (d[i].className == 'log') {
        flip(d[i]);
      }
    }
  }
}

// -->
</script>

</head>
<body>
<h2 align='center'>Reports</h2><table border='1' align="center">
<tr>
<td>Tests passed/Failed/Skipped:</td><td>1/0/0</td>
</tr><tr>
<td>Started on:</td><td>Fri Aug 07 17:40:11 EDT 2020</td>
</tr>
<tr><td>Total time:</td><td>53 seconds (53537 ms)</td>
</tr><tr>
<td>Included groups:</td><td></td>
</tr><tr>
<td>Excluded groups:</td><td></td>
</tr>
</table><p/>
<small><i>(Hover the method name to see the test class name)</i></small><p/>
<table width='100%' border='1' class='invocation-failed'>
<tr><td colspan='4' align='center'><b>FAILED TESTS</b></td></tr>
<tr><td><b>Test method</b></td>
<td width="30%"><b>Exception</b></td>
<td width="10%"><b>Time (seconds)</b></td>
<td><b>Instance</b></td>
</tr>
<tr>
<td title='frontDeskTests.CheckIn.clearMember()'><b>clearMember</b><br>Test class: frontDeskTests.CheckIn</td>
<td><div><pre>org.openqa.selenium.TimeoutException: Expected condition failed: waiting for presence of any elements located by By.name: Member Quick Search (tried for 30 second(s) with 500 milliseconds interval)
Build info: version: &apos;3.141.59&apos;, revision: &apos;e82be7d358&apos;, time: &apos;2018-11-14T08:17:03&apos;
System info: host: &apos;REM-TNUZUM&apos;, ip: &apos;10.143.6.224&apos;, os.name: &apos;Windows 10&apos;, os.arch: &apos;amd64&apos;, os.version: &apos;10.0&apos;, java.version: &apos;11.0.6&apos;
Driver info: io.appium.java_client.windows.WindowsDriver
Capabilities {appTopLevelWindow: 0x9a09e2, javascriptEnabled: true, platform: WINDOWS, platformName: Windows}
Session ID: 4D997BE7-3512-412E-8EB4-D5900BDB33ED
	at org.openqa.selenium.support.ui.WebDriverWait.timeoutException(WebDriverWait.java:95)
	at org.openqa.selenium.support.ui.FluentWait.until(FluentWait.java:272)
	at resources.MyActions.myWaitByName(MyActions.java:43)
	at frontDeskTests.CheckIn.clearMember(CheckIn.java:123)
	at java.base/java.util.ArrayList.forEach(ArrayList.java:1540)
... Removed 27 stack frames</pre></div><a href='#' onClick='toggleBox("stack-trace1619543326", this, "Click to show all stack frames", "Click to hide stack frames")'>Click to show all stack frames</a>
<div class='stack-trace' id='stack-trace1619543326'><pre>org.openqa.selenium.TimeoutException: Expected condition failed: waiting for presence of any elements located by By.name: Member Quick Search (tried for 30 second(s) with 500 milliseconds interval)
Build info: version: &apos;3.141.59&apos;, revision: &apos;e82be7d358&apos;, time: &apos;2018-11-14T08:17:03&apos;
System info: host: &apos;REM-TNUZUM&apos;, ip: &apos;10.143.6.224&apos;, os.name: &apos;Windows 10&apos;, os.arch: &apos;amd64&apos;, os.version: &apos;10.0&apos;, java.version: &apos;11.0.6&apos;
Driver info: io.appium.java_client.windows.WindowsDriver
Capabilities {appTopLevelWindow: 0x9a09e2, javascriptEnabled: true, platform: WINDOWS, platformName: Windows}
Session ID: 4D997BE7-3512-412E-8EB4-D5900BDB33ED
	at org.openqa.selenium.support.ui.WebDriverWait.timeoutException(WebDriverWait.java:95)
	at org.openqa.selenium.support.ui.FluentWait.until(FluentWait.java:272)
	at resources.MyActions.myWaitByName(MyActions.java:43)
	at frontDeskTests.CheckIn.clearMember(CheckIn.java:123)
	at java.base/jdk.internal.reflect.NativeMethodAccessorImpl.invoke0(Native Method)
	at java.base/jdk.internal.reflect.NativeMethodAccessorImpl.invoke(NativeMethodAccessorImpl.java:62)
	at java.base/jdk.internal.reflect.DelegatingMethodAccessorImpl.invoke(DelegatingMethodAccessorImpl.java:43)
	at java.base/java.lang.reflect.Method.invoke(Method.java:566)
	at org.testng.internal.MethodInvocationHelper.invokeMethod(MethodInvocationHelper.java:134)
	at org.testng.internal.TestInvoker.invokeMethod(TestInvoker.java:597)
	at org.testng.internal.TestInvoker.invokeTestMethod(TestInvoker.java:173)
	at org.testng.internal.MethodRunner.runInSequence(MethodRunner.java:46)
	at org.testng.internal.TestInvoker$MethodInvocationAgent.invoke(TestInvoker.java:816)
	at org.testng.internal.TestInvoker.invokeTestMethods(TestInvoker.java:146)
	at org.testng.internal.TestMethodWorker.invokeTestMethods(TestMethodWorker.java:146)
	at org.testng.internal.TestMethodWorker.run(TestMethodWorker.java:128)
	at java.base/java.util.ArrayList.forEach(ArrayList.java:1540)
	at org.testng.TestRunner.privateRun(TestRunner.java:766)
	at org.testng.TestRunner.run(TestRunner.java:587)
	at org.testng.SuiteRunner.runTest(SuiteRunner.java:384)
	at org.testng.SuiteRunner.runSequentially(SuiteRunner.java:378)
	at org.testng.SuiteRunner.privateRun(SuiteRunner.java:337)
	at org.testng.SuiteRunner.run(SuiteRunner.java:286)
	at org.testng.SuiteRunnerWorker.runSuite(SuiteRunnerWorker.java:53)
	at org.testng.SuiteRunnerWorker.run(SuiteRunnerWorker.java:96)
	at org.testng.TestNG.runSuitesSequentially(TestNG.java:1187)
	at org.testng.TestNG.runSuitesLocally(TestNG.java:1109)
	at org.testng.TestNG.runSuites(TestNG.java:1039)
	at org.testng.TestNG.run(TestNG.java:1007)
	at org.testng.remote.AbstractRemoteTestNG.run(AbstractRemoteTestNG.java:115)
	at org.testng.remote.RemoteTestNG.initAndRun(RemoteTestNG.java:251)
	at org.testng.remote.RemoteTestNG.main(RemoteTestNG.java:77)
</pre></div></td>
<td>32</td>
<td>frontDeskTests.CheckIn@3fb1549b</td></tr>
<tr>
<td title='frontDeskTests.CheckIn.familyCheckIn()'><b>familyCheckIn</b><br>Test class: frontDeskTests.CheckIn</td>
<td><div><pre>org.openqa.selenium.NoSuchElementException: An element could not be located on the page using the given search parameters. (WARNING: The server did not provide any stacktrace information)
Command duration or timeout: 0 milliseconds
For documentation on this error, please visit: https://www.seleniumhq.org/exceptions/no_such_element.html
Build info: version: &apos;3.141.59&apos;, revision: &apos;e82be7d358&apos;, time: &apos;2018-11-14T08:17:03&apos;
System info: host: &apos;REM-TNUZUM&apos;, ip: &apos;10.143.6.224&apos;, os.name: &apos;Windows 10&apos;, os.arch: &apos;amd64&apos;, os.version: &apos;10.0&apos;, java.version: &apos;11.0.6&apos;
Driver info: io.appium.java_client.windows.WindowsDriver
Capabilities {appTopLevelWindow: 0x9a09e2, javascriptEnabled: true, platform: WINDOWS, platformName: Windows}
Session ID: 4D997BE7-3512-412E-8EB4-D5900BDB33ED
*** Element info: {Using=accessibility id, value=pbFamilyCheckIn}
	at org.openqa.selenium.remote.ErrorHandler.createThrowable(ErrorHandler.java:214)
	at org.openqa.selenium.remote.ErrorHandler.throwIfResponseFailed(ErrorHandler.java:166)
	at org.openqa.selenium.remote.http.JsonHttpResponseCodec.reconstructValue(JsonHttpResponseCodec.java:40)
	at org.openqa.selenium.remote.http.AbstractHttpResponseCodec.decode(AbstractHttpResponseCodec.java:80)
	at org.openqa.selenium.remote.http.AbstractHttpResponseCodec.decode(AbstractHttpResponseCodec.java:44)
	at org.openqa.selenium.remote.HttpCommandExecutor.execute(HttpCommandExecutor.java:158)
	at io.appium.java_client.remote.AppiumCommandExecutor.execute(AppiumCommandExecutor.java:239)
	at org.openqa.selenium.remote.RemoteWebDriver.execute(RemoteWebDriver.java:552)
	at io.appium.java_client.DefaultGenericMobileDriver.execute(DefaultGenericMobileDriver.java:41)
	at io.appium.java_client.AppiumDriver.execute(AppiumDriver.java:1)
	at io.appium.java_client.windows.WindowsDriver.execute(WindowsDriver.java:1)
	at org.openqa.selenium.remote.RemoteWebDriver.findElement(RemoteWebDriver.java:323)
	at io.appium.java_client.DefaultGenericMobileDriver.findElement(DefaultGenericMobileDriver.java:61)
	at io.appium.java_client.AppiumDriver.findElement(AppiumDriver.java:1)
	at io.appium.java_client.windows.WindowsDriver.findElement(WindowsDriver.java:1)
	at io.appium.java_client.FindsByAccessibilityId.findElementByAccessibilityId(FindsByAccessibilityId.java:37)
	at resources.MyActions.myWaitByAccessibilityId(MyActions.java:50)
	at frontDeskTests.CheckIn.familyCheckIn(CheckIn.java:106)
	at java.base/java.util.ArrayList.forEach(ArrayList.java:1540)
... Removed 31 stack frames</pre></div><a href='#' onClick='toggleBox("stack-trace196954001", this, "Click to show all stack frames", "Click to hide stack frames")'>Click to show all stack frames</a>
<div class='stack-trace' id='stack-trace196954001'><pre>org.openqa.selenium.NoSuchElementException: An element could not be located on the page using the given search parameters. (WARNING: The server did not provide any stacktrace information)
Command duration or timeout: 0 milliseconds
For documentation on this error, please visit: https://www.seleniumhq.org/exceptions/no_such_element.html
Build info: version: &apos;3.141.59&apos;, revision: &apos;e82be7d358&apos;, time: &apos;2018-11-14T08:17:03&apos;
System info: host: &apos;REM-TNUZUM&apos;, ip: &apos;10.143.6.224&apos;, os.name: &apos;Windows 10&apos;, os.arch: &apos;amd64&apos;, os.version: &apos;10.0&apos;, java.version: &apos;11.0.6&apos;
Driver info: io.appium.java_client.windows.WindowsDriver
Capabilities {appTopLevelWindow: 0x9a09e2, javascriptEnabled: true, platform: WINDOWS, platformName: Windows}
Session ID: 4D997BE7-3512-412E-8EB4-D5900BDB33ED
*** Element info: {Using=accessibility id, value=pbFamilyCheckIn}
	at java.base/jdk.internal.reflect.NativeConstructorAccessorImpl.newInstance0(Native Method)
	at java.base/jdk.internal.reflect.NativeConstructorAccessorImpl.newInstance(NativeConstructorAccessorImpl.java:62)
	at java.base/jdk.internal.reflect.DelegatingConstructorAccessorImpl.newInstance(DelegatingConstructorAccessorImpl.java:45)
	at java.base/java.lang.reflect.Constructor.newInstance(Constructor.java:490)
	at org.openqa.selenium.remote.ErrorHandler.createThrowable(ErrorHandler.java:214)
	at org.openqa.selenium.remote.ErrorHandler.throwIfResponseFailed(ErrorHandler.java:166)
	at org.openqa.selenium.remote.http.JsonHttpResponseCodec.reconstructValue(JsonHttpResponseCodec.java:40)
	at org.openqa.selenium.remote.http.AbstractHttpResponseCodec.decode(AbstractHttpResponseCodec.java:80)
	at org.openqa.selenium.remote.http.AbstractHttpResponseCodec.decode(AbstractHttpResponseCodec.java:44)
	at org.openqa.selenium.remote.HttpCommandExecutor.execute(HttpCommandExecutor.java:158)
	at io.appium.java_client.remote.AppiumCommandExecutor.execute(AppiumCommandExecutor.java:239)
	at org.openqa.selenium.remote.RemoteWebDriver.execute(RemoteWebDriver.java:552)
	at io.appium.java_client.DefaultGenericMobileDriver.execute(DefaultGenericMobileDriver.java:41)
	at io.appium.java_client.AppiumDriver.execute(AppiumDriver.java:1)
	at io.appium.java_client.windows.WindowsDriver.execute(WindowsDriver.java:1)
	at org.openqa.selenium.remote.RemoteWebDriver.findElement(RemoteWebDriver.java:323)
	at io.appium.java_client.DefaultGenericMobileDriver.findElement(DefaultGenericMobileDriver.java:61)
	at io.appium.java_client.AppiumDriver.findElement(AppiumDriver.java:1)
	at io.appium.java_client.windows.WindowsDriver.findElement(WindowsDriver.java:1)
	at io.appium.java_client.FindsByAccessibilityId.findElementByAccessibilityId(FindsByAccessibilityId.java:37)
	at resources.MyActions.myWaitByAccessibilityId(MyActions.java:50)
	at frontDeskTests.CheckIn.familyCheckIn(CheckIn.java:106)
	at java.base/jdk.internal.reflect.NativeMethodAccessorImpl.invoke0(Native Method)
	at java.base/jdk.internal.reflect.NativeMethodAccessorImpl.invoke(NativeMethodAccessorImpl.java:62)
	at java.base/jdk.internal.reflect.DelegatingMethodAccessorImpl.invoke(DelegatingMethodAccessorImpl.java:43)
	at java.base/java.lang.reflect.Method.invoke(Method.java:566)
	at org.testng.internal.MethodInvocationHelper.invokeMethod(MethodInvocationHelper.java:134)
	at org.testng.internal.TestInvoker.invokeMethod(TestInvoker.java:597)
	at org.testng.internal.TestInvoker.invokeTestMethod(TestInvoker.java:173)
	at org.testng.internal.MethodRunner.runInSequence(MethodRunner.java:46)
	at org.testng.internal.TestInvoker$MethodInvocationAgent.invoke(TestInvoker.java:816)
	at org.testng.internal.TestInvoker.invokeTestMethods(TestInvoker.java:146)
	at org.testng.internal.TestMethodWorker.invokeTestMethods(TestMethodWorker.java:146)
	at org.testng.internal.TestMethodWorker.run(TestMethodWorker.java:128)
	at java.base/java.util.ArrayList.forEach(ArrayList.java:1540)
	at org.testng.TestRunner.privateRun(TestRunner.java:766)
	at org.testng.TestRunner.run(TestRunner.java:587)
	at org.testng.SuiteRunner.runTest(SuiteRunner.java:384)
	at org.testng.SuiteRunner.runSequentially(SuiteRunner.java:378)
	at org.testng.SuiteRunner.privateRun(SuiteRunner.java:337)
	at org.testng.SuiteRunner.run(SuiteRunner.java:286)
	at org.testng.SuiteRunnerWorker.runSuite(SuiteRunnerWorker.java:53)
	at org.testng.SuiteRunnerWorker.run(SuiteRunnerWorker.java:96)
	at org.testng.TestNG.runSuitesSequentially(TestNG.java:1187)
	at org.testng.TestNG.runSuitesLocally(TestNG.java:1109)
	at org.testng.TestNG.runSuites(TestNG.java:1039)
	at org.testng.TestNG.run(TestNG.java:1007)
	at org.testng.remote.AbstractRemoteTestNG.run(AbstractRemoteTestNG.java:115)
	at org.testng.remote.RemoteTestNG.initAndRun(RemoteTestNG.java:251)
	at org.testng.remote.RemoteTestNG.main(RemoteTestNG.java:77)
</pre></div></td>
<td>4</td>
<td>frontDeskTests.CheckIn@3fb1549b</td></tr>
<tr>
<td title='frontDeskTests.CheckIn.memberInfo()'><b>memberInfo</b><br>Test class: frontDeskTests.CheckIn</td>
<td><div><pre>org.openqa.selenium.TimeoutException: Expected condition failed: waiting for presence of any elements located by By.name: Member Quick Search (tried for 30 second(s) with 500 milliseconds interval)
Build info: version: &apos;3.141.59&apos;, revision: &apos;e82be7d358&apos;, time: &apos;2018-11-14T08:17:03&apos;
System info: host: &apos;REM-TNUZUM&apos;, ip: &apos;10.143.6.224&apos;, os.name: &apos;Windows 10&apos;, os.arch: &apos;amd64&apos;, os.version: &apos;10.0&apos;, java.version: &apos;11.0.6&apos;
Driver info: io.appium.java_client.windows.WindowsDriver
Capabilities {appTopLevelWindow: 0x9a09e2, javascriptEnabled: true, platform: WINDOWS, platformName: Windows}
Session ID: 4D997BE7-3512-412E-8EB4-D5900BDB33ED
	at org.openqa.selenium.support.ui.WebDriverWait.timeoutException(WebDriverWait.java:95)
	at org.openqa.selenium.support.ui.FluentWait.until(FluentWait.java:272)
	at resources.MyActions.myWaitByName(MyActions.java:43)
	at frontDeskTests.CheckIn.memberInfo(CheckIn.java:141)
	at java.base/java.util.ArrayList.forEach(ArrayList.java:1540)
... Removed 27 stack frames</pre></div><a href='#' onClick='toggleBox("stack-trace497877502", this, "Click to show all stack frames", "Click to hide stack frames")'>Click to show all stack frames</a>
<div class='stack-trace' id='stack-trace497877502'><pre>org.openqa.selenium.TimeoutException: Expected condition failed: waiting for presence of any elements located by By.name: Member Quick Search (tried for 30 second(s) with 500 milliseconds interval)
Build info: version: &apos;3.141.59&apos;, revision: &apos;e82be7d358&apos;, time: &apos;2018-11-14T08:17:03&apos;
System info: host: &apos;REM-TNUZUM&apos;, ip: &apos;10.143.6.224&apos;, os.name: &apos;Windows 10&apos;, os.arch: &apos;amd64&apos;, os.version: &apos;10.0&apos;, java.version: &apos;11.0.6&apos;
Driver info: io.appium.java_client.windows.WindowsDriver
Capabilities {appTopLevelWindow: 0x9a09e2, javascriptEnabled: true, platform: WINDOWS, platformName: Windows}
Session ID: 4D997BE7-3512-412E-8EB4-D5900BDB33ED
	at org.openqa.selenium.support.ui.WebDriverWait.timeoutException(WebDriverWait.java:95)
	at org.openqa.selenium.support.ui.FluentWait.until(FluentWait.java:272)
	at resources.MyActions.myWaitByName(MyActions.java:43)
	at frontDeskTests.CheckIn.memberInfo(CheckIn.java:141)
	at java.base/jdk.internal.reflect.NativeMethodAccessorImpl.invoke0(Native Method)
	at java.base/jdk.internal.reflect.NativeMethodAccessorImpl.invoke(NativeMethodAccessorImpl.java:62)
	at java.base/jdk.internal.reflect.DelegatingMethodAccessorImpl.invoke(DelegatingMethodAccessorImpl.java:43)
	at java.base/java.lang.reflect.Method.invoke(Method.java:566)
	at org.testng.internal.MethodInvocationHelper.invokeMethod(MethodInvocationHelper.java:134)
	at org.testng.internal.TestInvoker.invokeMethod(TestInvoker.java:597)
	at org.testng.internal.TestInvoker.invokeTestMethod(TestInvoker.java:173)
	at org.testng.internal.MethodRunner.runInSequence(MethodRunner.java:46)
	at org.testng.internal.TestInvoker$MethodInvocationAgent.invoke(TestInvoker.java:816)
	at org.testng.internal.TestInvoker.invokeTestMethods(TestInvoker.java:146)
	at org.testng.internal.TestMethodWorker.invokeTestMethods(TestMethodWorker.java:146)
	at org.testng.internal.TestMethodWorker.run(TestMethodWorker.java:128)
	at java.base/java.util.ArrayList.forEach(ArrayList.java:1540)
	at org.testng.TestRunner.privateRun(TestRunner.java:766)
	at org.testng.TestRunner.run(TestRunner.java:587)
	at org.testng.SuiteRunner.runTest(SuiteRunner.java:384)
	at org.testng.SuiteRunner.runSequentially(SuiteRunner.java:378)
	at org.testng.SuiteRunner.privateRun(SuiteRunner.java:337)
	at org.testng.SuiteRunner.run(SuiteRunner.java:286)
	at org.testng.SuiteRunnerWorker.runSuite(SuiteRunnerWorker.java:53)
	at org.testng.SuiteRunnerWorker.run(SuiteRunnerWorker.java:96)
	at org.testng.TestNG.runSuitesSequentially(TestNG.java:1187)
	at org.testng.TestNG.runSuitesLocally(TestNG.java:1109)
	at org.testng.TestNG.runSuites(TestNG.java:1039)
	at org.testng.TestNG.run(TestNG.java:1007)
	at org.testng.remote.AbstractRemoteTestNG.run(AbstractRemoteTestNG.java:115)
	at org.testng.remote.RemoteTestNG.initAndRun(RemoteTestNG.java:251)
	at org.testng.remote.RemoteTestNG.main(RemoteTestNG.java:77)
</pre></div></td>
<td>31</td>
<td>frontDeskTests.CheckIn@3fb1549b</td></tr>
</table><p>
<table width='100%' border='1' class='invocation-passed'>
<tr><td colspan='4' align='center'><b>PASSED TESTS</b></td></tr>
<tr><td><b>Test method</b></td>
<td width="30%"><b>Exception</b></td>
<td width="10%"><b>Time (seconds)</b></td>
<td><b>Instance</b></td>
</tr>
<tr>
<td title='frontDeskTests.AboutCompete.CompeteAboutView()'><b>CompeteAboutView</b><br>Test class: frontDeskTests.AboutCompete</td>
<td></td>
<td>35</td>
<td>frontDeskTests.AboutCompete@10959ece</td></tr>
<tr>
<td title='frontDeskTests.Bookings.bookView()'><b>bookView</b><br>Test class: frontDeskTests.Bookings</td>
<td></td>
<td>3</td>
<td>frontDeskTests.Bookings@223aa2f7</td></tr>
<tr>
<td title='frontDeskTests.ChangePassword.cancelChange()'><b>cancelChange</b><br>Test class: frontDeskTests.ChangePassword</td>
<td></td>
<td>33</td>
<td>frontDeskTests.ChangePassword@2df9b86</td></tr>
<tr>
<td title='frontDeskTests.MemberMgmt.clearMember()'><b>clearMember</b><br>Test class: frontDeskTests.MemberMgmt</td>
<td></td>
<td>1</td>
<td>frontDeskTests.MemberMgmt@662b4c69</td></tr>
<tr>
<td title='frontDeskTests.PointOfSale.clearMember()'><b>clearMember</b><br>Test class: frontDeskTests.PointOfSale</td>
<td></td>
<td>7</td>
<td>frontDeskTests.PointOfSale@156b88f5</td></tr>
<tr>
<td title='frontDeskTests.ClassEnrollment.closeWindow()'><b>closeWindow</b><br>Test class: frontDeskTests.ClassEnrollment</td>
<td></td>
<td>0</td>
<td>frontDeskTests.ClassEnrollment@759d26fb</td></tr>
<tr>
<td title='frontDeskTests.ChangePassword.launchChangePassword()'><b>launchChangePassword</b><br>Test class: frontDeskTests.ChangePassword</td>
<td></td>
<td>19</td>
<td>frontDeskTests.ChangePassword@2df9b86</td></tr>
<tr>
<td title='frontDeskTests.CheckIn.memberCheckIn()'><b>memberCheckIn</b><br>Test class: frontDeskTests.CheckIn</td>
<td></td>
<td>9</td>
<td>frontDeskTests.CheckIn@3fb1549b</td></tr>
<tr>
<td title='frontDeskTests.MemberMgmt.memberInfo()'><b>memberInfo</b><br>Test class: frontDeskTests.MemberMgmt</td>
<td></td>
<td>8</td>
<td>frontDeskTests.MemberMgmt@662b4c69</td></tr>
<tr>
<td title='frontDeskTests.PointOfSale.purchaseWithCash()'><b>purchaseWithCash</b><br>Test class: frontDeskTests.PointOfSale</td>
<td></td>
<td>17</td>
<td>frontDeskTests.PointOfSale@156b88f5</td></tr>
<tr>
<td title='frontDeskTests.PointOfSale.purchaseWithCreditCard()'><b>purchaseWithCreditCard</b><br>Test class: frontDeskTests.PointOfSale</td>
<td></td>
<td>27</td>
<td>frontDeskTests.PointOfSale@156b88f5</td></tr>
<tr>
<td title='frontDeskTests.Agreements.searchAgreements()'><b>searchAgreements</b><br>Test class: frontDeskTests.Agreements</td>
<td></td>
<td>14</td>
<td>frontDeskTests.Agreements@49912c99</td></tr>
<tr>
<td title='frontDeskTests.MemberMgmt.searchMember()'><b>searchMember</b><br>Test class: frontDeskTests.MemberMgmt</td>
<td></td>
<td>5</td>
<td>frontDeskTests.MemberMgmt@662b4c69</td></tr>
<tr>
<td title='frontDeskTests.Bookings.showCalendar()'><b>showCalendar</b><br>Test class: frontDeskTests.Bookings</td>
<td></td>
<td>8</td>
<td>frontDeskTests.Bookings@223aa2f7</td></tr>
<tr>
<td title='frontDeskTests.PointOfSale.takePayment()'><b>takePayment</b><br>Test class: frontDeskTests.PointOfSale</td>
<td></td>
<td>15</td>
<td>frontDeskTests.PointOfSale@156b88f5</td></tr>
<tr>
<td title='frontDeskTests.Login.validateCancelLogin()'><b>validateCancelLogin</b><br>Test class: frontDeskTests.Login</td>
<td></td>
<td>2</td>
<td>frontDeskTests.Login@483f6d77</td></tr>
<tr>
<td title='frontDeskTests.Login.validateInputInvalidErrorMessage()'><b>validateInputInvalidErrorMessage</b><br>Test class: frontDeskTests.Login</td>
<td></td>
<td>8</td>
<td>frontDeskTests.Login@483f6d77</td></tr>
<tr>
<td title='frontDeskTests.Login.validateInputRequiredErrorMessage()'><b>validateInputRequiredErrorMessage</b><br>Test class: frontDeskTests.Login</td>
<td></td>
<td>4</td>
<td>frontDeskTests.Login@483f6d77</td></tr>
<tr>
<td title='frontDeskTests.Agreements.validatePageObjects()'><b>validatePageObjects</b><br>Test class: frontDeskTests.Agreements</td>
<td></td>
<td>1</td>
<td>frontDeskTests.Agreements@49912c99</td></tr>
<tr>
<td title='frontDeskTests.Bookings.validatePageObjects()'><b>validatePageObjects</b><br>Test class: frontDeskTests.Bookings</td>
<td></td>
<td>5</td>
<td>frontDeskTests.Bookings@223aa2f7</td></tr>
<tr>
<td title='frontDeskTests.ChangePassword.validatePageObjects()'><b>validatePageObjects</b><br>Test class: frontDeskTests.ChangePassword</td>
<td></td>
<td>18</td>
<td>frontDeskTests.ChangePassword@2df9b86</td></tr>
<tr>
<td title='frontDeskTests.CheckIn.validatePageObjects()'><b>validatePageObjects</b><br>Test class: frontDeskTests.CheckIn</td>
<td></td>
<td>1</td>
<td>frontDeskTests.CheckIn@3fb1549b</td></tr>
<tr>
<td title='frontDeskTests.ClassEnrollment.validatePageObjects()'><b>validatePageObjects</b><br>Test class: frontDeskTests.ClassEnrollment</td>
<td></td>
<td>7</td>
<td>frontDeskTests.ClassEnrollment@759d26fb</td></tr>
<tr>
<td title='frontDeskTests.Login.validatePageObjects()'><b>validatePageObjects</b><br>Test class: frontDeskTests.Login</td>
<td></td>
<td>6</td>
<td>frontDeskTests.Login@483f6d77</td></tr>
<tr>
<td title='frontDeskTests.MemberMgmt.validatePageObjects()'><b>validatePageObjects</b><br>Test class: frontDeskTests.MemberMgmt</td>
<td></td>
<td>0</td>
<td>frontDeskTests.MemberMgmt@662b4c69</td></tr>
<tr>
<td title='frontDeskTests.PointOfSale.validatePageObjects()'><b>validatePageObjects</b><br>Test class: frontDeskTests.PointOfSale</td>
<td></td>
<td>25</td>
<td>frontDeskTests.PointOfSale@156b88f5</td></tr>
<tr>
<td title='frontDeskTests.Reports.validatePageObjects()'><b>validatePageObjects</b><br>Test class: frontDeskTests.Reports</td>
<td></td>
<td>6</td>
<td>frontDeskTests.Reports@7133da86</td></tr>
<tr>
<td title='frontDeskTests.Login.validateSuccessfulLogin()'><b>validateSuccessfulLogin</b><br>Test class: frontDeskTests.Login</td>
<td></td>
<td>52</td>
<td>frontDeskTests.Login@483f6d77</td></tr>
</table><p>
</body>
</html>